[2025-05-21 18:40:31] === 스크립트 실행 시작 ===
[2025-05-21 18:40:31] 작업 디렉토리로 이동 완료
[2025-05-21 18:40:31] 로그 디렉토리 생성 완료
[2025-05-21 18:40:31] AI 학습 시작
/workspace/src/AutoLoader.py:64: FutureWarning: You are using `torch.load` with `weights_only=False` (the current default value), which uses the default pickle module implicitly. It is possible to construct malicious pickle data which will execute arbitrary code during unpickling (See https://github.com/pytorch/pytorch/blob/main/SECURITY.md#untrusted-models for more details). In a future release, the default value for `weights_only` will be flipped to `True`. This limits the functions that could be executed during unpickling. Arbitrary objects will no longer be allowed to be loaded via this mode unless they are explicitly allowlisted by the user via `torch.serialization.add_safe_globals`. We recommend you start setting `weights_only=True` for any use case where you don't have full control of the loaded file. Please open an issue on GitHub for any issues related to this experimental feature.
  model_info = torch.load(model_path, map_location=torch.device('cuda' if torch.cuda.is_available() else 'cpu'))
[250521-03:40:35] :: ++++++++++++++++++++++++++++++++++++++++++++++++++++++++
[250521-03:40:35] :: ++++++++++++++++++++++++++++++++++++++++++++++++++++++++
[250521-03:40:35] ::                학습 시작 2025-05-22_03-40-35
[250521-03:40:35] ::                학습 시작 2025-05-22_03-40-35
[250521-03:40:35] :: ++++++++++++++++++++++++++++++++++++++++++++++++++++++++
[250521-03:40:35] :: ++++++++++++++++++++++++++++++++++++++++++++++++++++++++
[250521-03:40:35] :: ========================================================
[250521-03:40:35] :: ========================================================
[250521-03:40:35] :: 에피소드 2019
[250521-03:40:35] :: 에피소드 2019
[250521-03:40:40] ::   반복한 step: 310, 에피소드 보상: 7.71, 업데이트 횟수: 9
[250521-03:40:40] ::   반복한 step: 310, 에피소드 보상: 7.71, 업데이트 횟수: 9
[250521-03:40:40] :: Balance: 1079519.73
[250521-03:40:40] :: Balance: 1079519.73
[250521-03:40:40] :: Profit: 79519.73, Profit Rate: 7.95%
[250521-03:40:40] :: Profit: 79519.73, Profit Rate: 7.95%
[250521-03:40:40] :: Success: 5/8
[250521-03:40:40] :: Success: 5/8
[250521-03:40:40] :: ========================================================
[250521-03:40:40] :: ========================================================
[250521-03:40:40] :: ========================================================
[250521-03:40:40] :: ========================================================
[250521-03:40:40] :: 에피소드 2020
[250521-03:40:40] :: 에피소드 2020
[250521-03:40:45] ::   반복한 step: 310, 에피소드 보상: 8.52, 업데이트 횟수: 10
[250521-03:40:45] ::   반복한 step: 310, 에피소드 보상: 8.52, 업데이트 횟수: 10
[250521-03:40:45] :: Balance: 1079357.87
[250521-03:40:45] :: Balance: 1079357.87
[250521-03:40:45] :: Profit: 79357.87, Profit Rate: 7.94%
[250521-03:40:45] :: Profit: 79357.87, Profit Rate: 7.94%
[250521-03:40:45] :: Success: 4/6
[250521-03:40:45] :: Success: 4/6
[250521-03:40:45] :: ========================================================
[250521-03:40:45] :: ========================================================
[250521-03:40:45] :: ========================================================
[250521-03:40:45] :: 에피소드 2021
[250521-03:40:45] :: ========================================================
[250521-03:40:45] :: 에피소드 2021
[250521-03:40:49] ::   반복한 step: 310, 에피소드 보상: 4.47, 업데이트 횟수: 10
[250521-03:40:49] ::   반복한 step: 310, 에피소드 보상: 4.47, 업데이트 횟수: 10
[250521-03:40:49] :: Balance: 998011.31
[250521-03:40:49] :: Balance: 998011.31
[250521-03:40:49] :: Profit: -1988.69, Profit Rate: -0.20%
[250521-03:40:49] :: Profit: -1988.69, Profit Rate: -0.20%
[250521-03:40:49] :: Success: 2/5
[250521-03:40:49] :: Success: 2/5
[250521-03:40:49] :: ========================================================
[250521-03:40:49] :: ========================================================
[250521-03:40:49] :: ========================================================
[250521-03:40:49] :: ========================================================
[250521-03:40:49] :: 에피소드 2022
[250521-03:40:49] :: 에피소드 2022
[250521-03:40:54] ::   반복한 step: 310, 에피소드 보상: -20.72, 업데이트 횟수: 9
[250521-03:40:54] ::   반복한 step: 310, 에피소드 보상: -20.72, 업데이트 횟수: 9
[250521-03:40:54] :: Balance: 993940.28
[250521-03:40:54] :: Profit: -6059.72, Profit Rate: -0.61%
[250521-03:40:54] :: Balance: 993940.28
[250521-03:40:54] :: Profit: -6059.72, Profit Rate: -0.61%
[250521-03:40:54] :: Success: 2/5
[250521-03:40:54] :: ========================================================
[250521-03:40:54] :: Success: 2/5
[250521-03:40:54] :: ========================================================
[250521-03:40:54] :: ========================================================
[250521-03:40:54] :: 에피소드 2023
[250521-03:40:54] :: ========================================================
[250521-03:40:54] :: 에피소드 2023
[250521-03:40:58] ::   반복한 step: 310, 에피소드 보상: -22.97, 업데이트 횟수: 10
[250521-03:40:58] ::   반복한 step: 310, 에피소드 보상: -22.97, 업데이트 횟수: 10
[250521-03:40:58] :: Balance: 992641.76
[250521-03:40:58] :: Balance: 992641.76
[250521-03:40:58] :: Profit: -7358.24, Profit Rate: -0.74%
[250521-03:40:58] :: Profit: -7358.24, Profit Rate: -0.74%
[250521-03:40:58] :: Success: 2/5
[250521-03:40:58] :: ========================================================
[250521-03:40:58] :: Success: 2/5
[250521-03:40:58] :: ========================================================
[250521-03:40:58] :: ========================================================
[250521-03:40:58] :: 에피소드 2024
[250521-03:40:58] :: ========================================================
[250521-03:40:58] :: 에피소드 2024
[250521-03:41:03] ::   반복한 step: 310, 에피소드 보상: 9.89, 업데이트 횟수: 10
[250521-03:41:03] ::   반복한 step: 310, 에피소드 보상: 9.89, 업데이트 횟수: 10
[250521-03:41:03] :: Balance: 1084380.68
[250521-03:41:03] :: Balance: 1084380.68
[250521-03:41:03] :: Profit: 84380.68, Profit Rate: 8.44%
[250521-03:41:03] :: Profit: 84380.68, Profit Rate: 8.44%
[250521-03:41:03] :: Success: 4/6
[250521-03:41:03] :: Success: 4/6
[250521-03:41:03] :: ========================================================
[250521-03:41:03] :: ========================================================
[250521-03:41:03] :: ========================================================
[250521-03:41:03] :: ========================================================
[250521-03:41:03] :: 에피소드 2025
[250521-03:41:03] :: 에피소드 2025
[250521-03:41:07] ::   반복한 step: 310, 에피소드 보상: 19.95, 업데이트 횟수: 9
[250521-03:41:07] ::   반복한 step: 310, 에피소드 보상: 19.95, 업데이트 횟수: 9
[250521-03:41:07] :: Balance: 1091269.69
[250521-03:41:07] :: Balance: 1091269.69
[250521-03:41:07] :: Profit: 91269.69, Profit Rate: 9.13%
[250521-03:41:07] :: Success: 4/6
[250521-03:41:07] :: ========================================================
[250521-03:41:07] :: Profit: 91269.69, Profit Rate: 9.13%
[250521-03:41:07] :: Success: 4/6
[250521-03:41:07] :: ========================================================
[250521-03:41:07] :: ========================================================
[250521-03:41:07] :: ========================================================
[250521-03:41:07] :: 에피소드 2026
[250521-03:41:07] :: 에피소드 2026
[250521-03:41:12] ::   반복한 step: 310, 에피소드 보상: -12.69, 업데이트 횟수: 10
[250521-03:41:12] ::   반복한 step: 310, 에피소드 보상: -12.69, 업데이트 횟수: 10
[250521-03:41:12] :: Balance: 1023191.42
[250521-03:41:12] :: Balance: 1023191.42
[250521-03:41:12] :: Profit: 23191.42, Profit Rate: 2.32%
[250521-03:41:12] :: Profit: 23191.42, Profit Rate: 2.32%
[250521-03:41:12] :: Success: 3/6
[250521-03:41:12] :: Success: 3/6
[250521-03:41:12] :: ========================================================
[250521-03:41:12] :: ========================================================
[250521-03:41:12] :: ========================================================
[250521-03:41:12] :: ========================================================
[250521-03:41:12] :: 에피소드 2027
[250521-03:41:12] :: 에피소드 2027
[250521-03:41:16] ::   반복한 step: 310, 에피소드 보상: -12.87, 업데이트 횟수: 10
[250521-03:41:16] ::   반복한 step: 310, 에피소드 보상: -12.87, 업데이트 횟수: 10
[250521-03:41:16] :: Balance: 1021886.75
[250521-03:41:16] :: Balance: 1021886.75
[250521-03:41:16] :: Profit: 21886.75, Profit Rate: 2.19%
[250521-03:41:16] :: Profit: 21886.75, Profit Rate: 2.19%
[250521-03:41:16] :: Success: 3/6
[250521-03:41:16] :: Success: 3/6
[250521-03:41:16] :: ========================================================
[250521-03:41:16] :: ========================================================
[250521-03:41:16] :: ========================================================
[250521-03:41:16] :: ========================================================
[250521-03:41:16] :: 에피소드 2028
[250521-03:41:16] :: 에피소드 2028
[250521-03:41:21] ::   반복한 step: 310, 에피소드 보상: 20.67, 업데이트 횟수: 9
[250521-03:41:21] ::   반복한 step: 310, 에피소드 보상: 20.67, 업데이트 횟수: 9
[250521-03:41:21] :: Balance: 1110029.14
[250521-03:41:21] :: Balance: 1110029.14
[250521-03:41:21] :: Profit: 110029.14, Profit Rate: 11.00%
[250521-03:41:21] :: Profit: 110029.14, Profit Rate: 11.00%
[250521-03:41:21] :: Success: 5/7
[250521-03:41:21] :: Success: 5/7
[250521-03:41:21] :: ========================================================
[250521-03:41:21] :: ========================================================
[250521-03:41:21] :: ========================================================
[250521-03:41:21] :: ========================================================
[250521-03:41:21] :: ----- 학습 결과 -----
[250521-03:41:21] :: ----- 학습 결과 -----
[250521-03:41:21] ::  총 에피소드: 2028
[250521-03:41:21] ::  총 에피소드: 2028
[250521-03:41:21] ::  완료된 에피소드: 838
[250521-03:41:21] ::  완료된 에피소드: 838
[250521-03:41:21] ::  승률: 41.28%
[250521-03:41:21] :: ========================================================
[250521-03:41:21] ::  승률: 41.28%
[250521-03:41:21] :: ========================================================
[250521-03:41:21] ::  
[250521-03:41:21] ::  
[250521-03:41:21] :: ++++++++++++++++++++++++++++++++++++++++++++++++++++++++
[250521-03:41:21] :: ++++++++++++++++++++++++++++++++++++++++++++++++++++++++
[250521-03:41:21] ::                학습 종료 2025-05-22_03-41-21
[250521-03:41:21] ::                학습 종료 2025-05-22_03-41-21
[250521-03:41:21] :: ++++++++++++++++++++++++++++++++++++++++++++++++++++++++
[250521-03:41:21] :: ++++++++++++++++++++++++++++++++++++++++++++++++++++++++
[250521-03:41:21] :: 이전 모델 파일들과 로그 파일들이 성공적으로 삭제되었습니다.
[250521-03:41:21] :: 이전 모델 파일들과 로그 파일들이 성공적으로 삭제되었습니다.
[250521-03:41:21] :: ++++++++++++++++++++++++++++++++++++++++++++++++++++++++
[250521-03:41:21] :: ++++++++++++++++++++++++++++++++++++++++++++++++++++++++
[250521-03:41:21] ::                테스트 시작 2025-05-22_03-41-21
[250521-03:41:21] ::                테스트 시작 2025-05-22_03-41-21
[250521-03:41:21] :: ++++++++++++++++++++++++++++++++++++++++++++++++++++++++
[250521-03:41:21] :: ++++++++++++++++++++++++++++++++++++++++++++++++++++++++
[250521-03:41:21] :: 스텝: 0, 진입 가격: 102055.98, 포지션: 1
[250521-03:41:21] :: 스텝: 0, 진입 가격: 102055.98, 포지션: 1
[250521-03:41:21] :: 현재 레버리지: 2.0x, 포지션 크기: 11.75
[250521-03:41:21] :: 현재 레버리지: 2.0x, 포지션 크기: 11.75
[250521-03:41:21] :: 목표 수익: 2.0%, 손실 한도: 2.0%
[250521-03:41:21] :: 목표 수익: 2.0%, 손실 한도: 2.0%
[250521-03:41:22] :: Balance: 999760.10
[250521-03:41:22] :: Balance: 999760.10
[250521-03:41:22] :: Profit: -239.90, Profit Rate: -0.02%
[250521-03:41:22] :: Profit: -239.90, Profit Rate: -0.02%
[250521-03:41:22] :: Success: 0/1
[250521-03:41:22] :: Success: 0/1
[250521-03:41:22] :: ++++++++++++++++++++++++++++++++++++++++++++++++++++++++
[250521-03:41:22] :: ++++++++++++++++++++++++++++++++++++++++++++++++++++++++
[250521-03:41:22] ::                테스트 결과
[250521-03:41:22] ::                테스트 결과
[250521-03:41:22] :: ++++++++++++++++++++++++++++++++++++++++++++++++++++++++
[250521-03:41:22] :: ++++++++++++++++++++++++++++++++++++++++++++++++++++++++
[250521-03:41:22] :: ----- 환경 데이터 -----
[250521-03:41:22] :: ----- 환경 데이터 -----
[250521-03:41:22] ::  에피소드 보상: -24.81
[250521-03:41:22] ::  최종 잔고: 999760.10
[250521-03:41:22] ::  에피소드 보상: -24.81
[250521-03:41:22] ::  초기 잔고: 1000000.00
[250521-03:41:22] ::  최종 잔고: 999760.10
[250521-03:41:22] ::  초기 잔고: 1000000.00
[250521-03:41:22] ::  총 스텝 수: 310
[250521-03:41:22] ::  총 스텝 수: 310
[250521-03:41:22] :: ----- 성능 지표 -----
[250521-03:41:22] :: ----- 성능 지표 -----
[250521-03:41:22] ::  총 수익: -239.90
[250521-03:41:22] ::  총 수익: -239.90
[250521-03:41:22] ::  수익률: -0.02%
[250521-03:41:22] ::  수익률: -0.02%
[250521-03:41:22] ::  수익 거래 수: 0
[250521-03:41:22] ::  거래당 평균 수익: -0.77
[250521-03:41:22] ::  수익 거래 수: 0
[250521-03:41:22] ::  거래당 평균 수익: -0.77
[250521-03:41:22] :: ----- 거래 통계 -----
[250521-03:41:22] :: ----- 거래 통계 -----
[250521-03:41:22] ::  롱 포지션: 1
[250521-03:41:22] ::  롱 포지션: 1
[250521-03:41:22] ::  숏 포지션: 0
[250521-03:41:22] ::  중립 포지션: 309
[250521-03:41:22] ::  숏 포지션: 0
[250521-03:41:22] ::  연속 승리: 0
[250521-03:41:22] ::  연속 손실: 0
[250521-03:41:22] ::  중립 포지션: 309
[250521-03:41:22] ::  연속 승리: 0
[250521-03:41:22] ::  연속 손실: 0
[250521-03:41:22] ::  평균 보유 시간: 1.00
[250521-03:41:22] :: ++++++++++++++++++++++++++++++++++++++++++++++++++++++++
[250521-03:41:22] ::  평균 보유 시간: 1.00
[250521-03:41:22] :: ++++++++++++++++++++++++++++++++++++++++++++++++++++++++
[250521-03:41:22] :: ++++++++++++++++++++++++++++++++++++++++++++++++++++++++
[250521-03:41:22] :: ++++++++++++++++++++++++++++++++++++++++++++++++++++++++
[250521-03:41:22] ::                테스트 종료 2025-05-22_03-41-22
[250521-03:41:22] ::                테스트 종료 2025-05-22_03-41-22
[250521-03:41:22] :: ++++++++++++++++++++++++++++++++++++++++++++++++++++++++
[250521-03:41:22] :: ++++++++++++++++++++++++++++++++++++++++++++++++++++++++
PPO20
[2025-05-21 18:41:23] AI 학습 완료
[2025-05-21 18:41:23] Git 자격 증명 설정 완료
